<?xml version="1.0" encoding="UTF-8"?>
<!-- Generated by org.testng.reporters.JUnitReportReporter -->
<testsuite hostname="IlhamImani" failures="0" tests="1" name="test.TicketTest" time="12.204" errors="0" timestamp="2025-02-13T00:21:23 WIB" skipped="0">
  <testcase classname="test.TicketTest" name="testSearchFlight" time="12.204"/>
</testsuite> <!-- test.TicketTest -->
