<?xml version="1.0" encoding="UTF-8"?>
<!-- Generated by org.testng.reporters.JUnitReportReporter -->
<testsuite hostname="IlhamImani" failures="0" tests="1" name="test.TicketTest" time="7.665" errors="0" timestamp="2025-02-12T22:32:30 WIB" skipped="0">
  <testcase classname="test.TicketTest" name="testSearchFlight" time="7.665"/>
</testsuite> <!-- test.TicketTest -->
